running egg_info
creating ../../build/slam/slam.egg-info
writing ../../build/slam/slam.egg-info/PKG-INFO
writing dependency_links to ../../build/slam/slam.egg-info/dependency_links.txt
writing entry points to ../../build/slam/slam.egg-info/entry_points.txt
writing requirements to ../../build/slam/slam.egg-info/requires.txt
writing top-level names to ../../build/slam/slam.egg-info/top_level.txt
writing manifest file '../../build/slam/slam.egg-info/SOURCES.txt'
reading manifest file '../../build/slam/slam.egg-info/SOURCES.txt'
writing manifest file '../../build/slam/slam.egg-info/SOURCES.txt'
running build
running build_py
creating /home/ubuntu/ros2_ws/build/slam/build
creating /home/ubuntu/ros2_ws/build/slam/build/lib
creating /home/ubuntu/ros2_ws/build/slam/build/lib/slam
copying slam/__init__.py -> /home/ubuntu/ros2_ws/build/slam/build/lib/slam
running install
running install_lib
creating /home/ubuntu/ros2_ws/install/slam/lib/python3.10/site-packages/slam
copying /home/ubuntu/ros2_ws/build/slam/build/lib/slam/__init__.py -> /home/ubuntu/ros2_ws/install/slam/lib/python3.10/site-packages/slam
byte-compiling /home/ubuntu/ros2_ws/install/slam/lib/python3.10/site-packages/slam/__init__.py to __init__.cpython-310.pyc
running install_data
creating /home/ubuntu/ros2_ws/install/slam/share/ament_index
creating /home/ubuntu/ros2_ws/install/slam/share/ament_index/resource_index
creating /home/ubuntu/ros2_ws/install/slam/share/ament_index/resource_index/packages
copying resource/slam -> /home/ubuntu/ros2_ws/install/slam/share/ament_index/resource_index/packages
copying package.xml -> /home/ubuntu/ros2_ws/install/slam/share/slam
creating /home/ubuntu/ros2_ws/install/slam/share/slam/launch
copying launch/rviz_rtabmap.launch.py -> /home/ubuntu/ros2_ws/install/slam/share/slam/launch
copying launch/rtabmap_slam.launch.py -> /home/ubuntu/ros2_ws/install/slam/share/slam/launch
copying launch/rviz_slam.launch.py -> /home/ubuntu/ros2_ws/install/slam/share/slam/launch
copying launch/slam.launch.py -> /home/ubuntu/ros2_ws/install/slam/share/slam/launch
creating /home/ubuntu/ros2_ws/install/slam/share/slam/launch/include
copying launch/include/robot.launch.py -> /home/ubuntu/ros2_ws/install/slam/share/slam/launch/include
copying launch/include/slam_base.launch.py -> /home/ubuntu/ros2_ws/install/slam/share/slam/launch/include
copying launch/include/rtabmap.launch.py -> /home/ubuntu/ros2_ws/install/slam/share/slam/launch/include
creating /home/ubuntu/ros2_ws/install/slam/share/slam/config
copying config/slam.yaml -> /home/ubuntu/ros2_ws/install/slam/share/slam/config
creating /home/ubuntu/ros2_ws/install/slam/share/slam/rviz
copying rviz/rtabmap.rviz -> /home/ubuntu/ros2_ws/install/slam/share/slam/rviz
copying rviz/slam.rviz -> /home/ubuntu/ros2_ws/install/slam/share/slam/rviz
creating /home/ubuntu/ros2_ws/install/slam/share/slam/maps
copying maps/map_01.yaml -> /home/ubuntu/ros2_ws/install/slam/share/slam/maps
copying maps/map_01.pgm -> /home/ubuntu/ros2_ws/install/slam/share/slam/maps
running install_egg_info
Copying ../../build/slam/slam.egg-info to /home/ubuntu/ros2_ws/install/slam/lib/python3.10/site-packages/slam-0.0.0-py3.10.egg-info
running install_scripts
writing list of installed files to '/home/ubuntu/ros2_ws/build/slam/install.log'
