/home/ubuntu/ros2_ws/install/navigation/lib/python3.10/site-packages/navigation/__init__.py
/home/ubuntu/ros2_ws/install/navigation/lib/python3.10/site-packages/navigation/__pycache__/__init__.cpython-310.pyc
/home/ubuntu/ros2_ws/install/navigation/share/ament_index/resource_index/packages/navigation
/home/ubuntu/ros2_ws/install/navigation/share/navigation/package.xml
/home/ubuntu/ros2_ws/install/navigation/share/navigation/launch/rtabmapviz.launch.py
/home/ubuntu/ros2_ws/install/navigation/share/navigation/launch/rtabmap_navigation.launch.py
/home/ubuntu/ros2_ws/install/navigation/share/navigation/launch/navigation.launch.py
/home/ubuntu/ros2_ws/install/navigation/share/navigation/launch/rviz_rtabmap_navigation.launch.py
/home/ubuntu/ros2_ws/install/navigation/share/navigation/launch/rviz_navigation.launch.py
/home/ubuntu/ros2_ws/install/navigation/share/navigation/config/nav2_controller_dwb.yaml
/home/ubuntu/ros2_ws/install/navigation/share/navigation/config/nav2_params.yaml
/home/ubuntu/ros2_ws/install/navigation/share/navigation/config/nav2_controller_teb.yaml
/home/ubuntu/ros2_ws/install/navigation/share/navigation/rviz/navigation.rviz
/home/ubuntu/ros2_ws/install/navigation/share/navigation/rviz/rtabmap.rviz
/home/ubuntu/ros2_ws/install/navigation/share/navigation/rviz/navigation_transport.rviz
/home/ubuntu/ros2_ws/install/navigation/lib/python3.10/site-packages/navigation-0.0.0-py3.10.egg-info/SOURCES.txt
/home/ubuntu/ros2_ws/install/navigation/lib/python3.10/site-packages/navigation-0.0.0-py3.10.egg-info/requires.txt
/home/ubuntu/ros2_ws/install/navigation/lib/python3.10/site-packages/navigation-0.0.0-py3.10.egg-info/zip-safe
/home/ubuntu/ros2_ws/install/navigation/lib/python3.10/site-packages/navigation-0.0.0-py3.10.egg-info/top_level.txt
/home/ubuntu/ros2_ws/install/navigation/lib/python3.10/site-packages/navigation-0.0.0-py3.10.egg-info/entry_points.txt
/home/ubuntu/ros2_ws/install/navigation/lib/python3.10/site-packages/navigation-0.0.0-py3.10.egg-info/PKG-INFO
/home/ubuntu/ros2_ws/install/navigation/lib/python3.10/site-packages/navigation-0.0.0-py3.10.egg-info/dependency_links.txt
