running develop
running egg_info
creating jetacker_description.egg-info
writing jetacker_description.egg-info/PKG-INFO
writing dependency_links to jetacker_description.egg-info/dependency_links.txt
writing entry points to jetacker_description.egg-info/entry_points.txt
writing requirements to jetacker_description.egg-info/requires.txt
writing top-level names to jetacker_description.egg-info/top_level.txt
writing manifest file 'jetacker_description.egg-info/SOURCES.txt'
reading manifest file 'jetacker_description.egg-info/SOURCES.txt'
writing manifest file 'jetacker_description.egg-info/SOURCES.txt'
running build_ext
Creating /home/ubuntu/ros2_ws/install/jetacker_description/lib/python3.10/site-packages/jetacker-description.egg-link (link to .)

Installed /home/ubuntu/ros2_ws/build/jetacker_description
running symlink_data
creating /home/ubuntu/ros2_ws/install/jetacker_description/share/ament_index
creating /home/ubuntu/ros2_ws/install/jetacker_description/share/ament_index/resource_index
creating /home/ubuntu/ros2_ws/install/jetacker_description/share/ament_index/resource_index/packages
symbolically linking /home/ubuntu/ros2_ws/build/jetacker_description/resource/jetacker_description -> /home/ubuntu/ros2_ws/install/jetacker_description/share/ament_index/resource_index/packages
symbolically linking /home/ubuntu/ros2_ws/build/jetacker_description/package.xml -> /home/ubuntu/ros2_ws/install/jetacker_description/share/jetacker_description
creating /home/ubuntu/ros2_ws/install/jetacker_description/share/jetacker_description/launch
symbolically linking /home/ubuntu/ros2_ws/build/jetacker_description/launch/robot_description.launch.py -> /home/ubuntu/ros2_ws/install/jetacker_description/share/jetacker_description/launch
symbolically linking /home/ubuntu/ros2_ws/build/jetacker_description/launch/display.launch.py -> /home/ubuntu/ros2_ws/install/jetacker_description/share/jetacker_description/launch
symbolically linking /home/ubuntu/ros2_ws/build/jetacker_description/launch/rviz.launch.py -> /home/ubuntu/ros2_ws/install/jetacker_description/share/jetacker_description/launch
creating /home/ubuntu/ros2_ws/install/jetacker_description/share/jetacker_description/urdf
symbolically linking /home/ubuntu/ros2_ws/build/jetacker_description/urdf/jetacker.xacro -> /home/ubuntu/ros2_ws/install/jetacker_description/share/jetacker_description/urdf
symbolically linking /home/ubuntu/ros2_ws/build/jetacker_description/urdf/imu.urdf.xacro -> /home/ubuntu/ros2_ws/install/jetacker_description/share/jetacker_description/urdf
symbolically linking /home/ubuntu/ros2_ws/build/jetacker_description/urdf/jetacker.urdf.xacro -> /home/ubuntu/ros2_ws/install/jetacker_description/share/jetacker_description/urdf
symbolically linking /home/ubuntu/ros2_ws/build/jetacker_description/urdf/inertial_matrix.xacro -> /home/ubuntu/ros2_ws/install/jetacker_description/share/jetacker_description/urdf
symbolically linking /home/ubuntu/ros2_ws/build/jetacker_description/urdf/materials.xacro -> /home/ubuntu/ros2_ws/install/jetacker_description/share/jetacker_description/urdf
symbolically linking /home/ubuntu/ros2_ws/build/jetacker_description/urdf/lidar_a1.urdf.xacro -> /home/ubuntu/ros2_ws/install/jetacker_description/share/jetacker_description/urdf
symbolically linking /home/ubuntu/ros2_ws/build/jetacker_description/urdf/lidar.gazebo.xacro -> /home/ubuntu/ros2_ws/install/jetacker_description/share/jetacker_description/urdf
symbolically linking /home/ubuntu/ros2_ws/build/jetacker_description/urdf/lidar_g4.urdf.xacro -> /home/ubuntu/ros2_ws/install/jetacker_description/share/jetacker_description/urdf
creating /home/ubuntu/ros2_ws/install/jetacker_description/share/jetacker_description/rviz
symbolically linking /home/ubuntu/ros2_ws/build/jetacker_description/rviz/view.rviz -> /home/ubuntu/ros2_ws/install/jetacker_description/share/jetacker_description/rviz
creating /home/ubuntu/ros2_ws/install/jetacker_description/share/jetacker_description/meshes
symbolically linking /home/ubuntu/ros2_ws/build/jetacker_description/meshes/wheel_right_back.STL -> /home/ubuntu/ros2_ws/install/jetacker_description/share/jetacker_description/meshes
symbolically linking /home/ubuntu/ros2_ws/build/jetacker_description/meshes/back_shell_link.STL -> /home/ubuntu/ros2_ws/install/jetacker_description/share/jetacker_description/meshes
symbolically linking /home/ubuntu/ros2_ws/build/jetacker_description/meshes/depth_cam_link.STL -> /home/ubuntu/ros2_ws/install/jetacker_description/share/jetacker_description/meshes
symbolically linking /home/ubuntu/ros2_ws/build/jetacker_description/meshes/wheel_left_front.STL -> /home/ubuntu/ros2_ws/install/jetacker_description/share/jetacker_description/meshes
symbolically linking /home/ubuntu/ros2_ws/build/jetacker_description/meshes/link1.STL -> /home/ubuntu/ros2_ws/install/jetacker_description/share/jetacker_description/meshes
symbolically linking /home/ubuntu/ros2_ws/build/jetacker_description/meshes/wheel_right_front.STL -> /home/ubuntu/ros2_ws/install/jetacker_description/share/jetacker_description/meshes
symbolically linking /home/ubuntu/ros2_ws/build/jetacker_description/meshes/wheel_left_back.STL -> /home/ubuntu/ros2_ws/install/jetacker_description/share/jetacker_description/meshes
symbolically linking /home/ubuntu/ros2_ws/build/jetacker_description/meshes/base_link.STL -> /home/ubuntu/ros2_ws/install/jetacker_description/share/jetacker_description/meshes
symbolically linking /home/ubuntu/ros2_ws/build/jetacker_description/meshes/lidar_link.STL -> /home/ubuntu/ros2_ws/install/jetacker_description/share/jetacker_description/meshes
