[1.395s] Invoking command in '/home/ubuntu/ros2_ws/build/jetacker_description': PYTHONPATH=/home/ubuntu/ros2_ws/build/jetacker_description/prefix_override:/usr/lib/python3/dist-packages/colcon_core/task/python/colcon_distutils_commands:/home/ubuntu/ros2_ws/install/jetacker_description/lib/python3.10/site-packages:${PYTHONPATH} /usr/bin/python3 -W ignore:setup.py install is deprecated -W ignore:easy_install command is deprecated setup.py develop --editable --build-directory /home/ubuntu/ros2_ws/build/jetacker_description/build --no-deps symlink_data
[1.660s] running develop
[1.777s] running egg_info
[1.778s] creating jetacker_description.egg-info
[1.781s] writing jetacker_description.egg-info/PKG-INFO
[1.781s] writing dependency_links to jetacker_description.egg-info/dependency_links.txt
[1.783s] writing entry points to jetacker_description.egg-info/entry_points.txt
[1.783s] writing requirements to jetacker_description.egg-info/requires.txt
[1.786s] writing top-level names to jetacker_description.egg-info/top_level.txt
[1.786s] writing manifest file 'jetacker_description.egg-info/SOURCES.txt'
[1.787s] package init file 'jetacker_description/__init__.py' not found (or not a regular file)
[1.792s] reading manifest file 'jetacker_description.egg-info/SOURCES.txt'
[1.793s] writing manifest file 'jetacker_description.egg-info/SOURCES.txt'
[1.795s] running build_ext
[1.795s] Creating /home/ubuntu/ros2_ws/install/jetacker_description/lib/python3.10/site-packages/jetacker-description.egg-link (link to .)
[1.796s] 
[1.796s] Installed /home/ubuntu/ros2_ws/build/jetacker_description
[1.796s] running symlink_data
[1.797s] creating /home/ubuntu/ros2_ws/install/jetacker_description/share/ament_index
[1.797s] creating /home/ubuntu/ros2_ws/install/jetacker_description/share/ament_index/resource_index
[1.798s] creating /home/ubuntu/ros2_ws/install/jetacker_description/share/ament_index/resource_index/packages
[1.798s] symbolically linking /home/ubuntu/ros2_ws/build/jetacker_description/resource/jetacker_description -> /home/ubuntu/ros2_ws/install/jetacker_description/share/ament_index/resource_index/packages
[1.798s] symbolically linking /home/ubuntu/ros2_ws/build/jetacker_description/package.xml -> /home/ubuntu/ros2_ws/install/jetacker_description/share/jetacker_description
[1.798s] creating /home/ubuntu/ros2_ws/install/jetacker_description/share/jetacker_description/launch
[1.798s] symbolically linking /home/ubuntu/ros2_ws/build/jetacker_description/launch/robot_description.launch.py -> /home/ubuntu/ros2_ws/install/jetacker_description/share/jetacker_description/launch
[1.798s] symbolically linking /home/ubuntu/ros2_ws/build/jetacker_description/launch/display.launch.py -> /home/ubuntu/ros2_ws/install/jetacker_description/share/jetacker_description/launch
[1.798s] symbolically linking /home/ubuntu/ros2_ws/build/jetacker_description/launch/rviz.launch.py -> /home/ubuntu/ros2_ws/install/jetacker_description/share/jetacker_description/launch
[1.798s] creating /home/ubuntu/ros2_ws/install/jetacker_description/share/jetacker_description/urdf
[1.798s] symbolically linking /home/ubuntu/ros2_ws/build/jetacker_description/urdf/jetacker.xacro -> /home/ubuntu/ros2_ws/install/jetacker_description/share/jetacker_description/urdf
[1.798s] symbolically linking /home/ubuntu/ros2_ws/build/jetacker_description/urdf/imu.urdf.xacro -> /home/ubuntu/ros2_ws/install/jetacker_description/share/jetacker_description/urdf
[1.798s] symbolically linking /home/ubuntu/ros2_ws/build/jetacker_description/urdf/jetacker.urdf.xacro -> /home/ubuntu/ros2_ws/install/jetacker_description/share/jetacker_description/urdf
[1.798s] symbolically linking /home/ubuntu/ros2_ws/build/jetacker_description/urdf/inertial_matrix.xacro -> /home/ubuntu/ros2_ws/install/jetacker_description/share/jetacker_description/urdf
[1.799s] symbolically linking /home/ubuntu/ros2_ws/build/jetacker_description/urdf/materials.xacro -> /home/ubuntu/ros2_ws/install/jetacker_description/share/jetacker_description/urdf
[1.799s] symbolically linking /home/ubuntu/ros2_ws/build/jetacker_description/urdf/lidar_a1.urdf.xacro -> /home/ubuntu/ros2_ws/install/jetacker_description/share/jetacker_description/urdf
[1.799s] symbolically linking /home/ubuntu/ros2_ws/build/jetacker_description/urdf/lidar.gazebo.xacro -> /home/ubuntu/ros2_ws/install/jetacker_description/share/jetacker_description/urdf
[1.799s] symbolically linking /home/ubuntu/ros2_ws/build/jetacker_description/urdf/lidar_g4.urdf.xacro -> /home/ubuntu/ros2_ws/install/jetacker_description/share/jetacker_description/urdf
[1.799s] creating /home/ubuntu/ros2_ws/install/jetacker_description/share/jetacker_description/rviz
[1.799s] symbolically linking /home/ubuntu/ros2_ws/build/jetacker_description/rviz/view.rviz -> /home/ubuntu/ros2_ws/install/jetacker_description/share/jetacker_description/rviz
[1.799s] creating /home/ubuntu/ros2_ws/install/jetacker_description/share/jetacker_description/meshes
[1.799s] symbolically linking /home/ubuntu/ros2_ws/build/jetacker_description/meshes/wheel_right_back.STL -> /home/ubuntu/ros2_ws/install/jetacker_description/share/jetacker_description/meshes
[1.799s] symbolically linking /home/ubuntu/ros2_ws/build/jetacker_description/meshes/back_shell_link.STL -> /home/ubuntu/ros2_ws/install/jetacker_description/share/jetacker_description/meshes
[1.799s] symbolically linking /home/ubuntu/ros2_ws/build/jetacker_description/meshes/depth_cam_link.STL -> /home/ubuntu/ros2_ws/install/jetacker_description/share/jetacker_description/meshes
[1.799s] symbolically linking /home/ubuntu/ros2_ws/build/jetacker_description/meshes/wheel_left_front.STL -> /home/ubuntu/ros2_ws/install/jetacker_description/share/jetacker_description/meshes
[1.799s] symbolically linking /home/ubuntu/ros2_ws/build/jetacker_description/meshes/link1.STL -> /home/ubuntu/ros2_ws/install/jetacker_description/share/jetacker_description/meshes
[1.800s] symbolically linking /home/ubuntu/ros2_ws/build/jetacker_description/meshes/wheel_right_front.STL -> /home/ubuntu/ros2_ws/install/jetacker_description/share/jetacker_description/meshes
[1.800s] symbolically linking /home/ubuntu/ros2_ws/build/jetacker_description/meshes/wheel_left_back.STL -> /home/ubuntu/ros2_ws/install/jetacker_description/share/jetacker_description/meshes
[1.800s] symbolically linking /home/ubuntu/ros2_ws/build/jetacker_description/meshes/base_link.STL -> /home/ubuntu/ros2_ws/install/jetacker_description/share/jetacker_description/meshes
[1.800s] symbolically linking /home/ubuntu/ros2_ws/build/jetacker_description/meshes/lidar_link.STL -> /home/ubuntu/ros2_ws/install/jetacker_description/share/jetacker_description/meshes
[1.860s] Invoked command in '/home/ubuntu/ros2_ws/build/jetacker_description' returned '0': PYTHONPATH=/home/ubuntu/ros2_ws/build/jetacker_description/prefix_override:/usr/lib/python3/dist-packages/colcon_core/task/python/colcon_distutils_commands:/home/ubuntu/ros2_ws/install/jetacker_description/lib/python3.10/site-packages:${PYTHONPATH} /usr/bin/python3 -W ignore:setup.py install is deprecated -W ignore:easy_install command is deprecated setup.py develop --editable --build-directory /home/ubuntu/ros2_ws/build/jetacker_description/build --no-deps symlink_data
