[1.371s] Invoking command in '/home/ubuntu/ros2_ws/build/navigation': PYTHONPATH=/home/ubuntu/ros2_ws/build/navigation/prefix_override:/usr/lib/python3/dist-packages/colcon_core/task/python/colcon_distutils_commands:/home/ubuntu/ros2_ws/install/navigation/lib/python3.10/site-packages:${PYTHONPATH} /usr/bin/python3 -W ignore:setup.py install is deprecated -W ignore:easy_install command is deprecated setup.py develop --editable --build-directory /home/ubuntu/ros2_ws/build/navigation/build --no-deps symlink_data
[1.623s] running develop
[1.732s] running egg_info
[1.733s] creating navigation.egg-info
[1.733s] writing navigation.egg-info/PKG-INFO
[1.733s] writing dependency_links to navigation.egg-info/dependency_links.txt
[1.734s] writing entry points to navigation.egg-info/entry_points.txt
[1.734s] writing requirements to navigation.egg-info/requires.txt
[1.734s] writing top-level names to navigation.egg-info/top_level.txt
[1.734s] writing manifest file 'navigation.egg-info/SOURCES.txt'
[1.736s] reading manifest file 'navigation.egg-info/SOURCES.txt'
[1.736s] writing manifest file 'navigation.egg-info/SOURCES.txt'
[1.737s] running build_ext
[1.738s] Creating /home/ubuntu/ros2_ws/install/navigation/lib/python3.10/site-packages/navigation.egg-link (link to .)
[1.739s] 
[1.739s] Installed /home/ubuntu/ros2_ws/build/navigation
[1.740s] running symlink_data
[1.740s] creating /home/ubuntu/ros2_ws/install/navigation/share/ament_index
[1.741s] creating /home/ubuntu/ros2_ws/install/navigation/share/ament_index/resource_index
[1.741s] creating /home/ubuntu/ros2_ws/install/navigation/share/ament_index/resource_index/packages
[1.741s] symbolically linking /home/ubuntu/ros2_ws/build/navigation/resource/navigation -> /home/ubuntu/ros2_ws/install/navigation/share/ament_index/resource_index/packages
[1.742s] symbolically linking /home/ubuntu/ros2_ws/build/navigation/package.xml -> /home/ubuntu/ros2_ws/install/navigation/share/navigation
[1.742s] creating /home/ubuntu/ros2_ws/install/navigation/share/navigation/launch
[1.742s] symbolically linking /home/ubuntu/ros2_ws/build/navigation/launch/rtabmapviz.launch.py -> /home/ubuntu/ros2_ws/install/navigation/share/navigation/launch
[1.743s] symbolically linking /home/ubuntu/ros2_ws/build/navigation/launch/rtabmap_navigation.launch.py -> /home/ubuntu/ros2_ws/install/navigation/share/navigation/launch
[1.743s] symbolically linking /home/ubuntu/ros2_ws/build/navigation/launch/navigation.launch.py -> /home/ubuntu/ros2_ws/install/navigation/share/navigation/launch
[1.743s] symbolically linking /home/ubuntu/ros2_ws/build/navigation/launch/rviz_rtabmap_navigation.launch.py -> /home/ubuntu/ros2_ws/install/navigation/share/navigation/launch
[1.743s] symbolically linking /home/ubuntu/ros2_ws/build/navigation/launch/rviz_navigation.launch.py -> /home/ubuntu/ros2_ws/install/navigation/share/navigation/launch
[1.743s] creating /home/ubuntu/ros2_ws/install/navigation/share/navigation/config
[1.743s] symbolically linking /home/ubuntu/ros2_ws/build/navigation/config/nav2_controller_dwb.yaml -> /home/ubuntu/ros2_ws/install/navigation/share/navigation/config
[1.743s] symbolically linking /home/ubuntu/ros2_ws/build/navigation/config/nav2_params.yaml -> /home/ubuntu/ros2_ws/install/navigation/share/navigation/config
[1.743s] symbolically linking /home/ubuntu/ros2_ws/build/navigation/config/nav2_controller_teb.yaml -> /home/ubuntu/ros2_ws/install/navigation/share/navigation/config
[1.743s] creating /home/ubuntu/ros2_ws/install/navigation/share/navigation/rviz
[1.744s] symbolically linking /home/ubuntu/ros2_ws/build/navigation/rviz/navigation.rviz -> /home/ubuntu/ros2_ws/install/navigation/share/navigation/rviz
[1.744s] symbolically linking /home/ubuntu/ros2_ws/build/navigation/rviz/rtabmap.rviz -> /home/ubuntu/ros2_ws/install/navigation/share/navigation/rviz
[1.744s] symbolically linking /home/ubuntu/ros2_ws/build/navigation/rviz/navigation_transport.rviz -> /home/ubuntu/ros2_ws/install/navigation/share/navigation/rviz
[1.794s] Invoked command in '/home/ubuntu/ros2_ws/build/navigation' returned '0': PYTHONPATH=/home/ubuntu/ros2_ws/build/navigation/prefix_override:/usr/lib/python3/dist-packages/colcon_core/task/python/colcon_distutils_commands:/home/ubuntu/ros2_ws/install/navigation/lib/python3.10/site-packages:${PYTHONPATH} /usr/bin/python3 -W ignore:setup.py install is deprecated -W ignore:easy_install command is deprecated setup.py develop --editable --build-directory /home/ubuntu/ros2_ws/build/navigation/build --no-deps symlink_data
