running develop
running egg_info
creating slam.egg-info
writing slam.egg-info/PKG-INFO
writing dependency_links to slam.egg-info/dependency_links.txt
writing entry points to slam.egg-info/entry_points.txt
writing requirements to slam.egg-info/requires.txt
writing top-level names to slam.egg-info/top_level.txt
writing manifest file 'slam.egg-info/SOURCES.txt'
reading manifest file 'slam.egg-info/SOURCES.txt'
writing manifest file 'slam.egg-info/SOURCES.txt'
running build_ext
Creating /home/ubuntu/ros2_ws/install/slam/lib/python3.10/site-packages/slam.egg-link (link to .)

Installed /home/ubuntu/ros2_ws/build/slam
running symlink_data
creating /home/ubuntu/ros2_ws/install/slam/share/ament_index
creating /home/ubuntu/ros2_ws/install/slam/share/ament_index/resource_index
creating /home/ubuntu/ros2_ws/install/slam/share/ament_index/resource_index/packages
symbolically linking /home/ubuntu/ros2_ws/build/slam/resource/slam -> /home/ubuntu/ros2_ws/install/slam/share/ament_index/resource_index/packages
symbolically linking /home/ubuntu/ros2_ws/build/slam/package.xml -> /home/ubuntu/ros2_ws/install/slam/share/slam
creating /home/ubuntu/ros2_ws/install/slam/share/slam/launch
symbolically linking /home/ubuntu/ros2_ws/build/slam/launch/rviz_rtabmap.launch.py -> /home/ubuntu/ros2_ws/install/slam/share/slam/launch
symbolically linking /home/ubuntu/ros2_ws/build/slam/launch/rtabmap_slam.launch.py -> /home/ubuntu/ros2_ws/install/slam/share/slam/launch
symbolically linking /home/ubuntu/ros2_ws/build/slam/launch/rviz_slam.launch.py -> /home/ubuntu/ros2_ws/install/slam/share/slam/launch
symbolically linking /home/ubuntu/ros2_ws/build/slam/launch/slam.launch.py -> /home/ubuntu/ros2_ws/install/slam/share/slam/launch
creating /home/ubuntu/ros2_ws/install/slam/share/slam/launch/include
symbolically linking /home/ubuntu/ros2_ws/build/slam/launch/include/robot.launch.py -> /home/ubuntu/ros2_ws/install/slam/share/slam/launch/include
symbolically linking /home/ubuntu/ros2_ws/build/slam/launch/include/slam_base.launch.py -> /home/ubuntu/ros2_ws/install/slam/share/slam/launch/include
symbolically linking /home/ubuntu/ros2_ws/build/slam/launch/include/rtabmap.launch.py -> /home/ubuntu/ros2_ws/install/slam/share/slam/launch/include
creating /home/ubuntu/ros2_ws/install/slam/share/slam/config
symbolically linking /home/ubuntu/ros2_ws/build/slam/config/slam.yaml -> /home/ubuntu/ros2_ws/install/slam/share/slam/config
creating /home/ubuntu/ros2_ws/install/slam/share/slam/rviz
symbolically linking /home/ubuntu/ros2_ws/build/slam/rviz/rtabmap.rviz -> /home/ubuntu/ros2_ws/install/slam/share/slam/rviz
symbolically linking /home/ubuntu/ros2_ws/build/slam/rviz/slam.rviz -> /home/ubuntu/ros2_ws/install/slam/share/slam/rviz
creating /home/ubuntu/ros2_ws/install/slam/share/slam/maps
symbolically linking /home/ubuntu/ros2_ws/build/slam/maps/map_01.yaml -> /home/ubuntu/ros2_ws/install/slam/share/slam/maps
symbolically linking /home/ubuntu/ros2_ws/build/slam/maps/map_01.pgm -> /home/ubuntu/ros2_ws/install/slam/share/slam/maps
