[1.373s] Invoking command in '/home/ubuntu/ros2_ws/build/slam': PYTHONPATH=/home/ubuntu/ros2_ws/build/slam/prefix_override:/usr/lib/python3/dist-packages/colcon_core/task/python/colcon_distutils_commands:/home/ubuntu/ros2_ws/install/slam/lib/python3.10/site-packages:${PYTHONPATH} /usr/bin/python3 -W ignore:setup.py install is deprecated -W ignore:easy_install command is deprecated setup.py develop --editable --build-directory /home/ubuntu/ros2_ws/build/slam/build --no-deps symlink_data
[1.636s] running develop
[1.764s] running egg_info
[1.764s] creating slam.egg-info
[1.764s] writing slam.egg-info/PKG-INFO
[1.764s] writing dependency_links to slam.egg-info/dependency_links.txt
[1.764s] writing entry points to slam.egg-info/entry_points.txt
[1.764s] writing requirements to slam.egg-info/requires.txt
[1.765s] writing top-level names to slam.egg-info/top_level.txt
[1.765s] writing manifest file 'slam.egg-info/SOURCES.txt'
[1.766s] reading manifest file 'slam.egg-info/SOURCES.txt'
[1.766s] writing manifest file 'slam.egg-info/SOURCES.txt'
[1.766s] running build_ext
[1.766s] Creating /home/ubuntu/ros2_ws/install/slam/lib/python3.10/site-packages/slam.egg-link (link to .)
[1.766s] 
[1.766s] Installed /home/ubuntu/ros2_ws/build/slam
[1.766s] running symlink_data
[1.767s] creating /home/ubuntu/ros2_ws/install/slam/share/ament_index
[1.767s] creating /home/ubuntu/ros2_ws/install/slam/share/ament_index/resource_index
[1.767s] creating /home/ubuntu/ros2_ws/install/slam/share/ament_index/resource_index/packages
[1.767s] symbolically linking /home/ubuntu/ros2_ws/build/slam/resource/slam -> /home/ubuntu/ros2_ws/install/slam/share/ament_index/resource_index/packages
[1.767s] symbolically linking /home/ubuntu/ros2_ws/build/slam/package.xml -> /home/ubuntu/ros2_ws/install/slam/share/slam
[1.767s] creating /home/ubuntu/ros2_ws/install/slam/share/slam/launch
[1.767s] symbolically linking /home/ubuntu/ros2_ws/build/slam/launch/rviz_rtabmap.launch.py -> /home/ubuntu/ros2_ws/install/slam/share/slam/launch
[1.767s] symbolically linking /home/ubuntu/ros2_ws/build/slam/launch/rtabmap_slam.launch.py -> /home/ubuntu/ros2_ws/install/slam/share/slam/launch
[1.767s] symbolically linking /home/ubuntu/ros2_ws/build/slam/launch/rviz_slam.launch.py -> /home/ubuntu/ros2_ws/install/slam/share/slam/launch
[1.767s] symbolically linking /home/ubuntu/ros2_ws/build/slam/launch/slam.launch.py -> /home/ubuntu/ros2_ws/install/slam/share/slam/launch
[1.767s] creating /home/ubuntu/ros2_ws/install/slam/share/slam/launch/include
[1.767s] symbolically linking /home/ubuntu/ros2_ws/build/slam/launch/include/robot.launch.py -> /home/ubuntu/ros2_ws/install/slam/share/slam/launch/include
[1.767s] symbolically linking /home/ubuntu/ros2_ws/build/slam/launch/include/slam_base.launch.py -> /home/ubuntu/ros2_ws/install/slam/share/slam/launch/include
[1.767s] symbolically linking /home/ubuntu/ros2_ws/build/slam/launch/include/rtabmap.launch.py -> /home/ubuntu/ros2_ws/install/slam/share/slam/launch/include
[1.768s] creating /home/ubuntu/ros2_ws/install/slam/share/slam/config
[1.768s] symbolically linking /home/ubuntu/ros2_ws/build/slam/config/slam.yaml -> /home/ubuntu/ros2_ws/install/slam/share/slam/config
[1.768s] creating /home/ubuntu/ros2_ws/install/slam/share/slam/rviz
[1.768s] symbolically linking /home/ubuntu/ros2_ws/build/slam/rviz/rtabmap.rviz -> /home/ubuntu/ros2_ws/install/slam/share/slam/rviz
[1.768s] symbolically linking /home/ubuntu/ros2_ws/build/slam/rviz/slam.rviz -> /home/ubuntu/ros2_ws/install/slam/share/slam/rviz
[1.768s] creating /home/ubuntu/ros2_ws/install/slam/share/slam/maps
[1.768s] symbolically linking /home/ubuntu/ros2_ws/build/slam/maps/map_01.yaml -> /home/ubuntu/ros2_ws/install/slam/share/slam/maps
[1.768s] symbolically linking /home/ubuntu/ros2_ws/build/slam/maps/map_01.pgm -> /home/ubuntu/ros2_ws/install/slam/share/slam/maps
[1.814s] Invoked command in '/home/ubuntu/ros2_ws/build/slam' returned '0': PYTHONPATH=/home/ubuntu/ros2_ws/build/slam/prefix_override:/usr/lib/python3/dist-packages/colcon_core/task/python/colcon_distutils_commands:/home/ubuntu/ros2_ws/install/slam/lib/python3.10/site-packages:${PYTHONPATH} /usr/bin/python3 -W ignore:setup.py install is deprecated -W ignore:easy_install command is deprecated setup.py develop --editable --build-directory /home/ubuntu/ros2_ws/build/slam/build --no-deps symlink_data
