/home/ubuntu/ros2_ws/install/slam/lib/python3.10/site-packages/slam/__init__.py
/home/ubuntu/ros2_ws/install/slam/lib/python3.10/site-packages/slam/__pycache__/__init__.cpython-310.pyc
/home/ubuntu/ros2_ws/install/slam/share/ament_index/resource_index/packages/slam
/home/ubuntu/ros2_ws/install/slam/share/slam/package.xml
/home/ubuntu/ros2_ws/install/slam/share/slam/launch/rviz_rtabmap.launch.py
/home/ubuntu/ros2_ws/install/slam/share/slam/launch/rtabmap_slam.launch.py
/home/ubuntu/ros2_ws/install/slam/share/slam/launch/rviz_slam.launch.py
/home/ubuntu/ros2_ws/install/slam/share/slam/launch/slam.launch.py
/home/ubuntu/ros2_ws/install/slam/share/slam/launch/include/robot.launch.py
/home/ubuntu/ros2_ws/install/slam/share/slam/launch/include/slam_base.launch.py
/home/ubuntu/ros2_ws/install/slam/share/slam/launch/include/rtabmap.launch.py
/home/ubuntu/ros2_ws/install/slam/share/slam/config/slam.yaml
/home/ubuntu/ros2_ws/install/slam/share/slam/rviz/rtabmap.rviz
/home/ubuntu/ros2_ws/install/slam/share/slam/rviz/slam.rviz
/home/ubuntu/ros2_ws/install/slam/share/slam/maps/map_01.yaml
/home/ubuntu/ros2_ws/install/slam/share/slam/maps/map_01.pgm
/home/ubuntu/ros2_ws/install/slam/lib/python3.10/site-packages/slam-0.0.0-py3.10.egg-info/SOURCES.txt
/home/ubuntu/ros2_ws/install/slam/lib/python3.10/site-packages/slam-0.0.0-py3.10.egg-info/requires.txt
/home/ubuntu/ros2_ws/install/slam/lib/python3.10/site-packages/slam-0.0.0-py3.10.egg-info/zip-safe
/home/ubuntu/ros2_ws/install/slam/lib/python3.10/site-packages/slam-0.0.0-py3.10.egg-info/top_level.txt
/home/ubuntu/ros2_ws/install/slam/lib/python3.10/site-packages/slam-0.0.0-py3.10.egg-info/entry_points.txt
/home/ubuntu/ros2_ws/install/slam/lib/python3.10/site-packages/slam-0.0.0-py3.10.egg-info/PKG-INFO
/home/ubuntu/ros2_ws/install/slam/lib/python3.10/site-packages/slam-0.0.0-py3.10.egg-info/dependency_links.txt
