/home/ubuntu/ros2_ws/install/jetacker_description/share/ament_index/resource_index/packages/jetacker_description
/home/ubuntu/ros2_ws/install/jetacker_description/share/jetacker_description/package.xml
/home/ubuntu/ros2_ws/install/jetacker_description/share/jetacker_description/launch/robot_description.launch.py
/home/ubuntu/ros2_ws/install/jetacker_description/share/jetacker_description/launch/display.launch.py
/home/ubuntu/ros2_ws/install/jetacker_description/share/jetacker_description/launch/rviz.launch.py
/home/ubuntu/ros2_ws/install/jetacker_description/share/jetacker_description/urdf/jetacker.xacro
/home/ubuntu/ros2_ws/install/jetacker_description/share/jetacker_description/urdf/imu.urdf.xacro
/home/ubuntu/ros2_ws/install/jetacker_description/share/jetacker_description/urdf/jetacker.urdf.xacro
/home/ubuntu/ros2_ws/install/jetacker_description/share/jetacker_description/urdf/inertial_matrix.xacro
/home/ubuntu/ros2_ws/install/jetacker_description/share/jetacker_description/urdf/materials.xacro
/home/ubuntu/ros2_ws/install/jetacker_description/share/jetacker_description/urdf/lidar_a1.urdf.xacro
/home/ubuntu/ros2_ws/install/jetacker_description/share/jetacker_description/urdf/lidar.gazebo.xacro
/home/ubuntu/ros2_ws/install/jetacker_description/share/jetacker_description/urdf/lidar_g4.urdf.xacro
/home/ubuntu/ros2_ws/install/jetacker_description/share/jetacker_description/rviz/view.rviz
/home/ubuntu/ros2_ws/install/jetacker_description/share/jetacker_description/meshes/wheel_right_back.STL
/home/ubuntu/ros2_ws/install/jetacker_description/share/jetacker_description/meshes/back_shell_link.STL
/home/ubuntu/ros2_ws/install/jetacker_description/share/jetacker_description/meshes/depth_cam_link.STL
/home/ubuntu/ros2_ws/install/jetacker_description/share/jetacker_description/meshes/wheel_left_front.STL
/home/ubuntu/ros2_ws/install/jetacker_description/share/jetacker_description/meshes/link1.STL
/home/ubuntu/ros2_ws/install/jetacker_description/share/jetacker_description/meshes/wheel_right_front.STL
/home/ubuntu/ros2_ws/install/jetacker_description/share/jetacker_description/meshes/wheel_left_back.STL
/home/ubuntu/ros2_ws/install/jetacker_description/share/jetacker_description/meshes/base_link.STL
/home/ubuntu/ros2_ws/install/jetacker_description/share/jetacker_description/meshes/lidar_link.STL
/home/ubuntu/ros2_ws/install/jetacker_description/lib/python3.10/site-packages/jetacker_description-0.0.0-py3.10.egg-info/SOURCES.txt
/home/ubuntu/ros2_ws/install/jetacker_description/lib/python3.10/site-packages/jetacker_description-0.0.0-py3.10.egg-info/requires.txt
/home/ubuntu/ros2_ws/install/jetacker_description/lib/python3.10/site-packages/jetacker_description-0.0.0-py3.10.egg-info/zip-safe
/home/ubuntu/ros2_ws/install/jetacker_description/lib/python3.10/site-packages/jetacker_description-0.0.0-py3.10.egg-info/top_level.txt
/home/ubuntu/ros2_ws/install/jetacker_description/lib/python3.10/site-packages/jetacker_description-0.0.0-py3.10.egg-info/entry_points.txt
/home/ubuntu/ros2_ws/install/jetacker_description/lib/python3.10/site-packages/jetacker_description-0.0.0-py3.10.egg-info/PKG-INFO
/home/ubuntu/ros2_ws/install/jetacker_description/lib/python3.10/site-packages/jetacker_description-0.0.0-py3.10.egg-info/dependency_links.txt
