running egg_info
creating ../../build/navigation/navigation.egg-info
writing ../../build/navigation/navigation.egg-info/PKG-INFO
writing dependency_links to ../../build/navigation/navigation.egg-info/dependency_links.txt
writing entry points to ../../build/navigation/navigation.egg-info/entry_points.txt
writing requirements to ../../build/navigation/navigation.egg-info/requires.txt
writing top-level names to ../../build/navigation/navigation.egg-info/top_level.txt
writing manifest file '../../build/navigation/navigation.egg-info/SOURCES.txt'
reading manifest file '../../build/navigation/navigation.egg-info/SOURCES.txt'
writing manifest file '../../build/navigation/navigation.egg-info/SOURCES.txt'
running build
running build_py
creating /home/ubuntu/ros2_ws/build/navigation/build
creating /home/ubuntu/ros2_ws/build/navigation/build/lib
creating /home/ubuntu/ros2_ws/build/navigation/build/lib/navigation
copying navigation/__init__.py -> /home/ubuntu/ros2_ws/build/navigation/build/lib/navigation
running install
running install_lib
creating /home/ubuntu/ros2_ws/install/navigation/lib/python3.10/site-packages/navigation
copying /home/ubuntu/ros2_ws/build/navigation/build/lib/navigation/__init__.py -> /home/ubuntu/ros2_ws/install/navigation/lib/python3.10/site-packages/navigation
byte-compiling /home/ubuntu/ros2_ws/install/navigation/lib/python3.10/site-packages/navigation/__init__.py to __init__.cpython-310.pyc
running install_data
creating /home/ubuntu/ros2_ws/install/navigation/share/ament_index
creating /home/ubuntu/ros2_ws/install/navigation/share/ament_index/resource_index
creating /home/ubuntu/ros2_ws/install/navigation/share/ament_index/resource_index/packages
copying resource/navigation -> /home/ubuntu/ros2_ws/install/navigation/share/ament_index/resource_index/packages
copying package.xml -> /home/ubuntu/ros2_ws/install/navigation/share/navigation
creating /home/ubuntu/ros2_ws/install/navigation/share/navigation/launch
copying launch/rtabmapviz.launch.py -> /home/ubuntu/ros2_ws/install/navigation/share/navigation/launch
copying launch/rtabmap_navigation.launch.py -> /home/ubuntu/ros2_ws/install/navigation/share/navigation/launch
copying launch/navigation.launch.py -> /home/ubuntu/ros2_ws/install/navigation/share/navigation/launch
copying launch/rviz_rtabmap_navigation.launch.py -> /home/ubuntu/ros2_ws/install/navigation/share/navigation/launch
copying launch/rviz_navigation.launch.py -> /home/ubuntu/ros2_ws/install/navigation/share/navigation/launch
creating /home/ubuntu/ros2_ws/install/navigation/share/navigation/config
copying config/nav2_controller_dwb.yaml -> /home/ubuntu/ros2_ws/install/navigation/share/navigation/config
copying config/nav2_params.yaml -> /home/ubuntu/ros2_ws/install/navigation/share/navigation/config
copying config/nav2_controller_teb.yaml -> /home/ubuntu/ros2_ws/install/navigation/share/navigation/config
creating /home/ubuntu/ros2_ws/install/navigation/share/navigation/rviz
copying rviz/navigation.rviz -> /home/ubuntu/ros2_ws/install/navigation/share/navigation/rviz
copying rviz/rtabmap.rviz -> /home/ubuntu/ros2_ws/install/navigation/share/navigation/rviz
copying rviz/navigation_transport.rviz -> /home/ubuntu/ros2_ws/install/navigation/share/navigation/rviz
running install_egg_info
Copying ../../build/navigation/navigation.egg-info to /home/ubuntu/ros2_ws/install/navigation/lib/python3.10/site-packages/navigation-0.0.0-py3.10.egg-info
running install_scripts
writing list of installed files to '/home/ubuntu/ros2_ws/build/navigation/install.log'
