[0.862s] Invoking command in '/home/ubuntu/ros2_ws/src/navigation': PYTHONPATH=/home/ubuntu/ros2_ws/build/navigation/prefix_override:/usr/lib/python3/dist-packages/colcon_core/task/python/colcon_distutils_commands:/home/ubuntu/ros2_ws/install/navigation/lib/python3.10/site-packages:${PYTHONPATH} /usr/bin/python3 -W ignore:setup.py install is deprecated -W ignore:easy_install command is deprecated setup.py egg_info --egg-base ../../build/navigation build --build-base /home/ubuntu/ros2_ws/build/navigation/build install --record /home/ubuntu/ros2_ws/build/navigation/install.log --single-version-externally-managed install_data
[0.965s] running egg_info
[0.966s] creating ../../build/navigation/navigation.egg-info
[0.966s] writing ../../build/navigation/navigation.egg-info/PKG-INFO
[0.967s] writing dependency_links to ../../build/navigation/navigation.egg-info/dependency_links.txt
[0.967s] writing entry points to ../../build/navigation/navigation.egg-info/entry_points.txt
[0.967s] writing requirements to ../../build/navigation/navigation.egg-info/requires.txt
[0.967s] writing top-level names to ../../build/navigation/navigation.egg-info/top_level.txt
[0.967s] writing manifest file '../../build/navigation/navigation.egg-info/SOURCES.txt'
[0.968s] reading manifest file '../../build/navigation/navigation.egg-info/SOURCES.txt'
[0.969s] writing manifest file '../../build/navigation/navigation.egg-info/SOURCES.txt'
[0.969s] running build
[0.969s] running build_py
[0.969s] creating /home/ubuntu/ros2_ws/build/navigation/build
[0.970s] creating /home/ubuntu/ros2_ws/build/navigation/build/lib
[0.971s] creating /home/ubuntu/ros2_ws/build/navigation/build/lib/navigation
[0.972s] copying navigation/__init__.py -> /home/ubuntu/ros2_ws/build/navigation/build/lib/navigation
[0.972s] running install
[0.973s] running install_lib
[0.973s] creating /home/ubuntu/ros2_ws/install/navigation/lib/python3.10/site-packages/navigation
[0.973s] copying /home/ubuntu/ros2_ws/build/navigation/build/lib/navigation/__init__.py -> /home/ubuntu/ros2_ws/install/navigation/lib/python3.10/site-packages/navigation
[0.974s] byte-compiling /home/ubuntu/ros2_ws/install/navigation/lib/python3.10/site-packages/navigation/__init__.py to __init__.cpython-310.pyc
[0.975s] running install_data
[0.976s] creating /home/ubuntu/ros2_ws/install/navigation/share/ament_index
[0.976s] creating /home/ubuntu/ros2_ws/install/navigation/share/ament_index/resource_index
[0.977s] creating /home/ubuntu/ros2_ws/install/navigation/share/ament_index/resource_index/packages
[0.977s] copying resource/navigation -> /home/ubuntu/ros2_ws/install/navigation/share/ament_index/resource_index/packages
[0.977s] copying package.xml -> /home/ubuntu/ros2_ws/install/navigation/share/navigation
[0.977s] creating /home/ubuntu/ros2_ws/install/navigation/share/navigation/launch
[0.977s] copying launch/rtabmapviz.launch.py -> /home/ubuntu/ros2_ws/install/navigation/share/navigation/launch
[0.977s] copying launch/rtabmap_navigation.launch.py -> /home/ubuntu/ros2_ws/install/navigation/share/navigation/launch
[0.977s] copying launch/navigation.launch.py -> /home/ubuntu/ros2_ws/install/navigation/share/navigation/launch
[0.979s] copying launch/rviz_rtabmap_navigation.launch.py -> /home/ubuntu/ros2_ws/install/navigation/share/navigation/launch
[0.979s] copying launch/rviz_navigation.launch.py -> /home/ubuntu/ros2_ws/install/navigation/share/navigation/launch
[0.979s] creating /home/ubuntu/ros2_ws/install/navigation/share/navigation/config
[0.979s] copying config/nav2_controller_dwb.yaml -> /home/ubuntu/ros2_ws/install/navigation/share/navigation/config
[0.979s] copying config/nav2_params.yaml -> /home/ubuntu/ros2_ws/install/navigation/share/navigation/config
[0.980s] copying config/nav2_controller_teb.yaml -> /home/ubuntu/ros2_ws/install/navigation/share/navigation/config
[0.980s] creating /home/ubuntu/ros2_ws/install/navigation/share/navigation/rviz
[0.982s] copying rviz/navigation.rviz -> /home/ubuntu/ros2_ws/install/navigation/share/navigation/rviz
[0.982s] copying rviz/rtabmap.rviz -> /home/ubuntu/ros2_ws/install/navigation/share/navigation/rviz
[0.983s] copying rviz/navigation_transport.rviz -> /home/ubuntu/ros2_ws/install/navigation/share/navigation/rviz
[0.985s] running install_egg_info
[0.986s] Copying ../../build/navigation/navigation.egg-info to /home/ubuntu/ros2_ws/install/navigation/lib/python3.10/site-packages/navigation-0.0.0-py3.10.egg-info
[0.986s] running install_scripts
[0.995s] writing list of installed files to '/home/ubuntu/ros2_ws/build/navigation/install.log'
[1.019s] Invoked command in '/home/ubuntu/ros2_ws/src/navigation' returned '0': PYTHONPATH=/home/ubuntu/ros2_ws/build/navigation/prefix_override:/usr/lib/python3/dist-packages/colcon_core/task/python/colcon_distutils_commands:/home/ubuntu/ros2_ws/install/navigation/lib/python3.10/site-packages:${PYTHONPATH} /usr/bin/python3 -W ignore:setup.py install is deprecated -W ignore:easy_install command is deprecated setup.py egg_info --egg-base ../../build/navigation build --build-base /home/ubuntu/ros2_ws/build/navigation/build install --record /home/ubuntu/ros2_ws/build/navigation/install.log --single-version-externally-managed install_data
