/home/ubuntu/ros2_ws/install/robot_gazebo/lib/python3.10/site-packages/robot_gazebo/cmd_vel_modifier.py
/home/ubuntu/ros2_ws/install/robot_gazebo/lib/python3.10/site-packages/robot_gazebo/teleop_key_control.py
/home/ubuntu/ros2_ws/install/robot_gazebo/lib/python3.10/site-packages/robot_gazebo/__init__.py
/home/ubuntu/ros2_ws/install/robot_gazebo/lib/python3.10/site-packages/robot_gazebo/__pycache__/cmd_vel_modifier.cpython-310.pyc
/home/ubuntu/ros2_ws/install/robot_gazebo/lib/python3.10/site-packages/robot_gazebo/__pycache__/teleop_key_control.cpython-310.pyc
/home/ubuntu/ros2_ws/install/robot_gazebo/lib/python3.10/site-packages/robot_gazebo/__pycache__/__init__.cpython-310.pyc
/home/ubuntu/ros2_ws/install/robot_gazebo/share/ament_index/resource_index/packages/robot_gazebo
/home/ubuntu/ros2_ws/install/robot_gazebo/share/robot_gazebo/package.xml
/home/ubuntu/ros2_ws/install/robot_gazebo/share/robot_gazebo/launch/room_with_box_and_goal.launch.py
/home/ubuntu/ros2_ws/install/robot_gazebo/share/robot_gazebo/launch/ros_ign_bridge.launch.py
/home/ubuntu/ros2_ws/install/robot_gazebo/share/robot_gazebo/launch/all_training.launch.py
/home/ubuntu/ros2_ws/install/robot_gazebo/share/robot_gazebo/launch/spwan_model.launch.py
/home/ubuntu/ros2_ws/install/robot_gazebo/share/robot_gazebo/launch/spawn_objects.launch.py
/home/ubuntu/ros2_ws/install/robot_gazebo/share/robot_gazebo/launch/room_worlds.launch.py
/home/ubuntu/ros2_ws/install/robot_gazebo/share/robot_gazebo/launch/spawn_model.launch.py
/home/ubuntu/ros2_ws/install/robot_gazebo/share/robot_gazebo/launch/worlds.launch.py
/home/ubuntu/ros2_ws/install/robot_gazebo/share/robot_gazebo/urdf/imu.gazebo.xacro
/home/ubuntu/ros2_ws/install/robot_gazebo/share/robot_gazebo/urdf/robot.gazebo.xacro
/home/ubuntu/ros2_ws/install/robot_gazebo/share/robot_gazebo/urdf/camera.gazebo.xacro
/home/ubuntu/ros2_ws/install/robot_gazebo/share/robot_gazebo/urdf/jetacker.gazebo.xacro
/home/ubuntu/ros2_ws/install/robot_gazebo/share/robot_gazebo/urdf/wheel_base.urdf.xacro
/home/ubuntu/ros2_ws/install/robot_gazebo/share/robot_gazebo/urdf/lidar.gazebo.xacro
/home/ubuntu/ros2_ws/install/robot_gazebo/share/robot_gazebo/config/slam.yaml
/home/ubuntu/ros2_ws/install/robot_gazebo/share/robot_gazebo/config/localization.yaml
/home/ubuntu/ros2_ws/install/robot_gazebo/share/robot_gazebo/config/nav2_controller_dwb.yaml
/home/ubuntu/ros2_ws/install/robot_gazebo/share/robot_gazebo/config/nav2_params.yaml
/home/ubuntu/ros2_ws/install/robot_gazebo/share/robot_gazebo/config/robot_config.yaml
/home/ubuntu/ros2_ws/install/robot_gazebo/share/robot_gazebo/config/nav2_controller_teb.yaml
/home/ubuntu/ros2_ws/install/robot_gazebo/share/robot_gazebo/worlds/empty.sdf
/home/ubuntu/ros2_ws/install/robot_gazebo/share/robot_gazebo/worlds/room_with_box_and_goal.sdf
/home/ubuntu/ros2_ws/install/robot_gazebo/share/robot_gazebo/worlds/robocup_home.sdf
/home/ubuntu/ros2_ws/install/robot_gazebo/share/robot_gazebo/worlds/all_training.sdf
/home/ubuntu/ros2_ws/install/robot_gazebo/share/robot_gazebo/maps/map_01.yaml
/home/ubuntu/ros2_ws/install/robot_gazebo/share/robot_gazebo/maps/map_01.pgm
/home/ubuntu/ros2_ws/install/robot_gazebo/share/robot_gazebo/rviz/nav_nav2.rviz
/home/ubuntu/ros2_ws/install/robot_gazebo/share/robot_gazebo/rviz/slam.rviz
/home/ubuntu/ros2_ws/install/robot_gazebo/share/robot_gazebo/launch/include/localization.launch.py
/home/ubuntu/ros2_ws/install/robot_gazebo/share/robot_gazebo/launch/include/navigation.launch.py
/home/ubuntu/ros2_ws/install/robot_gazebo/share/robot_gazebo/launch/include/slam.launch.py
/home/ubuntu/ros2_ws/install/robot_gazebo/share/robot_gazebo/meshes/bed.dae
/home/ubuntu/ros2_ws/install/robot_gazebo/share/robot_gazebo/meshes/sofa.dae
/home/ubuntu/ros2_ws/install/robot_gazebo/share/robot_gazebo/meshes/cupboard.dae
/home/ubuntu/ros2_ws/install/robot_gazebo/share/robot_gazebo/meshes/chair.dae
/home/ubuntu/ros2_ws/install/robot_gazebo/share/robot_gazebo/meshes/tea_table.dae
/home/ubuntu/ros2_ws/install/robot_gazebo/share/robot_gazebo/meshes/bookshelft.dae
/home/ubuntu/ros2_ws/install/robot_gazebo/share/robot_gazebo/meshes/table.dae
/home/ubuntu/ros2_ws/install/robot_gazebo/share/robot_gazebo/meshes/bottle.stl
/home/ubuntu/ros2_ws/install/robot_gazebo/share/robot_gazebo/meshes/bed/Wood_Bamboo.jpg
/home/ubuntu/ros2_ws/install/robot_gazebo/share/robot_gazebo/meshes/bed/Carpet_Pattern_Squares_Multi.jpg
/home/ubuntu/ros2_ws/install/robot_gazebo/share/robot_gazebo/meshes/bookshelft/Wood_Veneer_02.jpg
/home/ubuntu/ros2_ws/install/robot_gazebo/share/robot_gazebo/meshes/chair/Wood_Cherry_Original.jpg
/home/ubuntu/ros2_ws/install/robot_gazebo/share/robot_gazebo/meshes/cupboard/Wood_Veneer_02.jpg
/home/ubuntu/ros2_ws/install/robot_gazebo/share/robot_gazebo/meshes/sofa/Carpet_Loop_Pattern.jpg
/home/ubuntu/ros2_ws/install/robot_gazebo/share/robot_gazebo/meshes/table/Wood_Cherry_Original.jpg
/home/ubuntu/ros2_ws/install/robot_gazebo/share/robot_gazebo/meshes/tea_table/Wood_Cherry_Original.jpg
/home/ubuntu/ros2_ws/install/robot_gazebo/share/robot_gazebo/meshes/wpr1/upperarm.dae
/home/ubuntu/ros2_ws/install/robot_gazebo/share/robot_gazebo/meshes/wpr1/base.dae
/home/ubuntu/ros2_ws/install/robot_gazebo/share/robot_gazebo/meshes/wpr1/fingertip.dae
/home/ubuntu/ros2_ws/install/robot_gazebo/share/robot_gazebo/meshes/wpr1/palm.dae
/home/ubuntu/ros2_ws/install/robot_gazebo/share/robot_gazebo/meshes/wpr1/finger.dae
/home/ubuntu/ros2_ws/install/robot_gazebo/share/robot_gazebo/meshes/wpr1/forearm.dae
/home/ubuntu/ros2_ws/install/robot_gazebo/share/robot_gazebo/meshes/wpr1/torso.dae
/home/ubuntu/ros2_ws/install/robot_gazebo/share/robot_gazebo/models/sofa.model
/home/ubuntu/ros2_ws/install/robot_gazebo/share/robot_gazebo/models/kai_standing.model
/home/ubuntu/ros2_ws/install/robot_gazebo/share/robot_gazebo/models/bed.model
/home/ubuntu/ros2_ws/install/robot_gazebo/share/robot_gazebo/models/tea_table.model
/home/ubuntu/ros2_ws/install/robot_gazebo/share/robot_gazebo/models/bookshelft.model
/home/ubuntu/ros2_ws/install/robot_gazebo/share/robot_gazebo/models/bed
/home/ubuntu/ros2_ws/install/robot_gazebo/share/robot_gazebo/models/bottles/red_bottle.model
/home/ubuntu/ros2_ws/install/robot_gazebo/share/robot_gazebo/models/bottles/green_bottle.model
/home/ubuntu/ros2_ws/install/robot_gazebo/share/robot_gazebo/models/cupboard/cupboard_1.model
/home/ubuntu/ros2_ws/install/robot_gazebo/share/robot_gazebo/models/cupboard/cupboard_0.model
/home/ubuntu/ros2_ws/install/robot_gazebo/share/robot_gazebo/models/table/dinning_table_0.model
/home/ubuntu/ros2_ws/install/robot_gazebo/share/robot_gazebo/models/table/kitchen_table.model
/home/ubuntu/ros2_ws/install/robot_gazebo/share/robot_gazebo/models/table/dinning_table_2.model
/home/ubuntu/ros2_ws/install/robot_gazebo/share/robot_gazebo/models/table/dinning_table_1.model
/home/ubuntu/ros2_ws/install/robot_gazebo/share/robot_gazebo/models/table/dinning_table_3.model
/home/ubuntu/ros2_ws/install/robot_gazebo/share/robot_gazebo/models/chair/chair_1.model
/home/ubuntu/ros2_ws/install/robot_gazebo/share/robot_gazebo/models/chair/chair_2.model
/home/ubuntu/ros2_ws/install/robot_gazebo/share/robot_gazebo/models/chair/chair_0.model
/home/ubuntu/ros2_ws/install/robot_gazebo/share/robot_gazebo/models/chair/chair_3.model
/home/ubuntu/ros2_ws/install/robot_gazebo/lib/python3.10/site-packages/robot_gazebo-0.0.0-py3.10.egg-info/SOURCES.txt
/home/ubuntu/ros2_ws/install/robot_gazebo/lib/python3.10/site-packages/robot_gazebo-0.0.0-py3.10.egg-info/requires.txt
/home/ubuntu/ros2_ws/install/robot_gazebo/lib/python3.10/site-packages/robot_gazebo-0.0.0-py3.10.egg-info/zip-safe
/home/ubuntu/ros2_ws/install/robot_gazebo/lib/python3.10/site-packages/robot_gazebo-0.0.0-py3.10.egg-info/top_level.txt
/home/ubuntu/ros2_ws/install/robot_gazebo/lib/python3.10/site-packages/robot_gazebo-0.0.0-py3.10.egg-info/entry_points.txt
/home/ubuntu/ros2_ws/install/robot_gazebo/lib/python3.10/site-packages/robot_gazebo-0.0.0-py3.10.egg-info/PKG-INFO
/home/ubuntu/ros2_ws/install/robot_gazebo/lib/python3.10/site-packages/robot_gazebo-0.0.0-py3.10.egg-info/dependency_links.txt
/home/ubuntu/ros2_ws/install/robot_gazebo/lib/robot_gazebo/teleop_key_control
