running egg_info
creating ../../build/jetacker_description/jetacker_description.egg-info
writing ../../build/jetacker_description/jetacker_description.egg-info/PKG-INFO
writing dependency_links to ../../build/jetacker_description/jetacker_description.egg-info/dependency_links.txt
writing entry points to ../../build/jetacker_description/jetacker_description.egg-info/entry_points.txt
writing requirements to ../../build/jetacker_description/jetacker_description.egg-info/requires.txt
writing top-level names to ../../build/jetacker_description/jetacker_description.egg-info/top_level.txt
writing manifest file '../../build/jetacker_description/jetacker_description.egg-info/SOURCES.txt'
package init file 'jetacker_description/__init__.py' not found (or not a regular file)
reading manifest file '../../build/jetacker_description/jetacker_description.egg-info/SOURCES.txt'
writing manifest file '../../build/jetacker_description/jetacker_description.egg-info/SOURCES.txt'
running build
running build_py
running install
running install_lib
running install_data
creating /home/ubuntu/ros2_ws/install/jetacker_description/share/ament_index
warning: install_lib: '/home/ubuntu/ros2_ws/build/jetacker_description/build/lib' does not exist -- no Python modules to install

creating /home/ubuntu/ros2_ws/install/jetacker_description/share/ament_index/resource_index
creating /home/ubuntu/ros2_ws/install/jetacker_description/share/ament_index/resource_index/packages
copying resource/jetacker_description -> /home/ubuntu/ros2_ws/install/jetacker_description/share/ament_index/resource_index/packages
copying package.xml -> /home/ubuntu/ros2_ws/install/jetacker_description/share/jetacker_description
creating /home/ubuntu/ros2_ws/install/jetacker_description/share/jetacker_description/launch
copying launch/robot_description.launch.py -> /home/ubuntu/ros2_ws/install/jetacker_description/share/jetacker_description/launch
copying launch/display.launch.py -> /home/ubuntu/ros2_ws/install/jetacker_description/share/jetacker_description/launch
copying launch/rviz.launch.py -> /home/ubuntu/ros2_ws/install/jetacker_description/share/jetacker_description/launch
creating /home/ubuntu/ros2_ws/install/jetacker_description/share/jetacker_description/urdf
copying urdf/jetacker.xacro -> /home/ubuntu/ros2_ws/install/jetacker_description/share/jetacker_description/urdf
copying urdf/imu.urdf.xacro -> /home/ubuntu/ros2_ws/install/jetacker_description/share/jetacker_description/urdf
copying urdf/jetacker.urdf.xacro -> /home/ubuntu/ros2_ws/install/jetacker_description/share/jetacker_description/urdf
copying urdf/inertial_matrix.xacro -> /home/ubuntu/ros2_ws/install/jetacker_description/share/jetacker_description/urdf
copying urdf/materials.xacro -> /home/ubuntu/ros2_ws/install/jetacker_description/share/jetacker_description/urdf
copying urdf/lidar_a1.urdf.xacro -> /home/ubuntu/ros2_ws/install/jetacker_description/share/jetacker_description/urdf
copying urdf/lidar.gazebo.xacro -> /home/ubuntu/ros2_ws/install/jetacker_description/share/jetacker_description/urdf
copying urdf/lidar_g4.urdf.xacro -> /home/ubuntu/ros2_ws/install/jetacker_description/share/jetacker_description/urdf
creating /home/ubuntu/ros2_ws/install/jetacker_description/share/jetacker_description/rviz
copying rviz/view.rviz -> /home/ubuntu/ros2_ws/install/jetacker_description/share/jetacker_description/rviz
creating /home/ubuntu/ros2_ws/install/jetacker_description/share/jetacker_description/meshes
copying meshes/wheel_right_back.STL -> /home/ubuntu/ros2_ws/install/jetacker_description/share/jetacker_description/meshes
copying meshes/back_shell_link.STL -> /home/ubuntu/ros2_ws/install/jetacker_description/share/jetacker_description/meshes
copying meshes/depth_cam_link.STL -> /home/ubuntu/ros2_ws/install/jetacker_description/share/jetacker_description/meshes
copying meshes/wheel_left_front.STL -> /home/ubuntu/ros2_ws/install/jetacker_description/share/jetacker_description/meshes
copying meshes/link1.STL -> /home/ubuntu/ros2_ws/install/jetacker_description/share/jetacker_description/meshes
copying meshes/wheel_right_front.STL -> /home/ubuntu/ros2_ws/install/jetacker_description/share/jetacker_description/meshes
copying meshes/wheel_left_back.STL -> /home/ubuntu/ros2_ws/install/jetacker_description/share/jetacker_description/meshes
copying meshes/base_link.STL -> /home/ubuntu/ros2_ws/install/jetacker_description/share/jetacker_description/meshes
copying meshes/lidar_link.STL -> /home/ubuntu/ros2_ws/install/jetacker_description/share/jetacker_description/meshes
running install_egg_info
Copying ../../build/jetacker_description/jetacker_description.egg-info to /home/ubuntu/ros2_ws/install/jetacker_description/lib/python3.10/site-packages/jetacker_description-0.0.0-py3.10.egg-info
running install_scripts
writing list of installed files to '/home/ubuntu/ros2_ws/build/jetacker_description/install.log'
